seed=0x55
axis=0 in=0xff out=f28057
axis=1 in=0xff out=f28057
axis=2 in=0xff out=f28057
axis=3 in=0xc5 out=0039c2
axis=3 in=0xc6 out=003121
axis=3 in=0xc7 out=224500
axis=3 in=0xc8 out=ff00b6
axis=3 in=0xc9 out=ff0000
axis=3 in=0xca out=3f0000
axis=3 in=0xcb out=0039c2
axis=3 in=0xcc out=0039c2
axis=3 in=0xcd out=0039c2
axis=3 in=0xce out=0039c2
axis=3 in=0xcf out=0039c2
axis=3 in=0xd0 out=0039c2
axis=3 in=0xd1 out=0039c2
axis=3 in=0xd2 out=0028c3
axis=3 in=0xd3 out=0094ff
axis=3 in=0xd4 out=00ceff
axis=3 in=0xd5 out=b99b90
axis=3 in=0xd6 out=003fad
axis=3 in=0xd7 out=0039c2
axis=3 in=0xd8 out=000266
axis=3 in=0xd9 out=003673
axis=3 in=0xda out=003daf
axis=3 in=0xdb out=00658c
axis=3 in=0xdc out=f28057
axis=3 in=0xdd out=f28057
axis=3 in=0xde out=5a737c
axis=3 in=0xdf out=005d94
axis=3 in=0xe0 out=a77c6c
axis=3 in=0xe1 out=ff804e
axis=3 in=0xe2 out=ff792e
axis=3 in=0xe3 out=ff6700
axis=3 in=0xe4 out=ff792d
axis=3 in=0xe5 out=0039c2
axis=3 in=0xe6 out=0039c2
axis=3 in=0xe7 out=0039c1
axis=3 in=0xe8 out=003abb
axis=3 in=0xe9 out=0040ac
axis=3 in=0xea out=005f91
axis=3 in=0xeb out=bc7e66
axis=3 in=0xec out=003300
axis=3 in=0xed out=91772d
axis=3 in=0xee out=f28057
axis=3 in=0xef out=f28057
axis=3 in=0xf0 out=f28057
axis=3 in=0xf1 out=f28057
axis=3 in=0xf2 out=005899
axis=3 in=0xf3 out=0042aa
axis=3 in=0xf4 out=005f92
axis=3 in=0xf5 out=00b459
axis=3 in=0xf6 out=00bc5a
axis=3 in=0xf7 out=0039c2
axis=3 in=0xf8 out=0046e5
axis=3 in=0xf9 out=cc68fc
axis=3 in=0xfa out=f28057
axis=3 in=0xfb out=f28057
axis=3 in=0xfc out=f28057
axis=3 in=0xfd out=f28057
axis=3 in=0xfe out=f28057
axis=3 in=0xff out=f28057
axis=4 in=0x00 out=f28057
axis=4 in=0x01 out=f28057
axis=4 in=0x02 out=f28057
axis=4 in=0x03 out=f28057
axis=4 in=0x04 out=f28057
axis=4 in=0x05 out=f28057
axis=4 in=0x06 out=f28057
axis=4 in=0x07 out=f28057
axis=4 in=0x08 out=f28057
axis=4 in=0x09 out=f28057
axis=4 in=0x0a out=f28057
axis=4 in=0x0b out=f28057
axis=4 in=0x0c out=f28057
axis=4 in=0x0d out=f28057
axis=4 in=0x0e out=f28057
axis=4 in=0x0f out=f28057
axis=4 in=0x10 out=f28057
axis=4 in=0x11 out=f28057
axis=4 in=0x12 out=f28057
axis=4 in=0x13 out=f28057
axis=4 in=0x14 out=f28057
axis=4 in=0x15 out=f28057
axis=4 in=0x16 out=f28057
axis=4 in=0x17 out=f28057
axis=4 in=0x18 out=f28057
axis=4 in=0x19 out=f28057
axis=4 in=0x1a out=f28057
axis=4 in=0x1b out=f28057
axis=4 in=0x1c out=f28057
axis=4 in=0x1d out=f28057
axis=4 in=0x1e out=f28057
axis=4 in=0x1f out=f28057
axis=4 in=0x20 out=f28057
axis=4 in=0x21 out=f28057
axis=4 in=0x22 out=f28057
axis=4 in=0x23 out=f28057
axis=4 in=0x24 out=f28057
axis=4 in=0x25 out=f28057
axis=4 in=0x26 out=f28057
axis=4 in=0x27 out=f28057
axis=4 in=0x28 out=f28057
axis=4 in=0x29 out=f28057
axis=4 in=0x2a out=f28057
axis=4 in=0x2b out=f28057
axis=4 in=0x2c out=f28057
axis=4 in=0x2d out=f28057
axis=4 in=0x2e out=f28057
axis=4 in=0x2f out=f28057
axis=4 in=0x30 out=f28057
axis=4 in=0x31 out=f28057
axis=4 in=0x32 out=f28057
axis=4 in=0x33 out=f28057
axis=4 in=0x34 out=f28057
axis=4 in=0x35 out=f28057
axis=4 in=0x36 out=f28057
axis=4 in=0x37 out=f28057
axis=4 in=0x38 out=f28057
axis=4 in=0x39 out=f28057
axis=4 in=0x3a out=f28057
axis=4 in=0x3b out=f28057
axis=4 in=0x3c out=f28057
axis=4 in=0x3d out=f28057
axis=4 in=0x3e out=f28057
axis=4 in=0x3f out=f28057
axis=4 in=0x40 out=f28057
axis=4 in=0x41 out=f28057
axis=4 in=0x42 out=f28057
axis=4 in=0x43 out=f28057
axis=4 in=0x44 out=f28057
axis=4 in=0x45 out=f28057
axis=4 in=0x46 out=f28057
axis=4 in=0x47 out=f28057
axis=4 in=0x48 out=f28057
axis=4 in=0x49 out=f28057
axis=4 in=0x4a out=f28057
axis=4 in=0x4b out=f28057
axis=4 in=0x4c out=f28057
axis=4 in=0x4d out=f28057
axis=4 in=0x4e out=f28057
axis=4 in=0x4f out=f28057
axis=4 in=0x50 out=f28057
axis=4 in=0x51 out=f28057
axis=4 in=0x52 out=f28057
axis=4 in=0x53 out=f28057
axis=4 in=0x54 out=f28057
axis=4 in=0x55 out=f28057
axis=4 in=0x56 out=f28057
axis=4 in=0x57 out=f28057
axis=4 in=0x58 out=f28057
axis=4 in=0x59 out=f28057
axis=4 in=0x5a out=f28057
axis=4 in=0x5b out=f28057
axis=4 in=0x5c out=f28057
axis=4 in=0x5d out=f28057
axis=4 in=0x5e out=f28057
axis=4 in=0x5f out=f28057
axis=4 in=0x60 out=f28057
axis=4 in=0x61 out=f28057
axis=4 in=0x62 out=f28057
axis=4 in=0x63 out=f28057
axis=4 in=0x64 out=f28057
axis=4 in=0x65 out=f28057
axis=4 in=0x66 out=f28057
axis=4 in=0x67 out=f28057
axis=4 in=0x68 out=f28057
axis=4 in=0x69 out=f28057
axis=4 in=0x6a out=f28057
axis=4 in=0x6b out=f28057
axis=4 in=0x6c out=f28057
axis=4 in=0x6d out=f28057
axis=4 in=0x6e out=f28057
axis=4 in=0x6f out=f28057
axis=4 in=0x70 out=f28057
axis=4 in=0x71 out=f28057
axis=4 in=0x72 out=f28057
axis=4 in=0x73 out=f28057
axis=4 in=0x74 out=f28057
axis=4 in=0x75 out=f28057
axis=4 in=0x76 out=f28057
axis=4 in=0x77 out=f28057
axis=4 in=0x78 out=f28057
axis=4 in=0x79 out=f28057
axis=4 in=0x7a out=f28057
axis=4 in=0x7b out=f28057
axis=4 in=0x7c out=f28057
axis=4 in=0x7d out=f28057
axis=4 in=0x7e out=f28057
axis=4 in=0x7f out=f28057
axis=4 in=0x80 out=f28057
axis=4 in=0x81 out=f28057
axis=4 in=0x82 out=f28057
axis=4 in=0x83 out=f28057
axis=4 in=0x84 out=f28057
axis=4 in=0x85 out=f28057
axis=4 in=0x86 out=f28057
axis=4 in=0x87 out=f28057
axis=4 in=0x88 out=f28057
axis=4 in=0x89 out=f28057
axis=4 in=0x8a out=f28057
axis=4 in=0x8b out=f28057
axis=4 in=0x8c out=f28057
axis=4 in=0x8d out=f28057
axis=4 in=0x8e out=f28057
axis=4 in=0x8f out=f28057
axis=4 in=0x90 out=f28057
axis=4 in=0x91 out=f28057
axis=4 in=0x92 out=f28057
axis=4 in=0x93 out=f28057
axis=4 in=0x94 out=f28057
axis=4 in=0x95 out=f28057
axis=4 in=0x96 out=f28057
axis=4 in=0x97 out=f28057
axis=4 in=0x98 out=f28057
axis=4 in=0x99 out=f28057
axis=4 in=0x9a out=f28057
axis=4 in=0x9b out=f28057
axis=4 in=0x9c out=f28057
axis=4 in=0x9d out=f28057
axis=4 in=0x9e out=f28057
axis=4 in=0x9f out=f28057
axis=4 in=0xa0 out=f28057
axis=4 in=0xa1 out=f28057
axis=4 in=0xa2 out=f28057
axis=4 in=0xa3 out=f28057
axis=4 in=0xa4 out=f28057
axis=4 in=0xa5 out=f28057
axis=4 in=0xa6 out=f28057
axis=4 in=0xa7 out=f28057
axis=4 in=0xa8 out=f28057
axis=4 in=0xa9 out=f28057
axis=4 in=0xaa out=f28057
axis=4 in=0xab out=f28057
axis=4 in=0xac out=f28057
axis=4 in=0xad out=f28057
axis=4 in=0xae out=f28057
axis=4 in=0xaf out=f28057
axis=4 in=0xb0 out=f28057
axis=4 in=0xb1 out=f28057
axis=4 in=0xb2 out=f28057
axis=4 in=0xb3 out=f28057
axis=4 in=0xb4 out=f28057
axis=4 in=0xb5 out=f28057
axis=4 in=0xb6 out=f28057
axis=4 in=0xb7 out=f28057
axis=4 in=0xb8 out=f28057
axis=4 in=0xb9 out=f28057
axis=4 in=0xba out=f28057
axis=4 in=0xbb out=f28057
axis=4 in=0xbc out=f28057
axis=4 in=0xbd out=f28057
axis=4 in=0xbe out=f28057
axis=4 in=0xbf out=f28057
axis=4 in=0xc0 out=f28057
axis=4 in=0xc1 out=f28057
axis=4 in=0xc2 out=f28057
axis=4 in=0xc3 out=f28057
axis=4 in=0xc4 out=f28057
axis=4 in=0xc5 out=f28057
axis=4 in=0xc6 out=f28057
axis=4 in=0xc7 out=f28057
axis=4 in=0xc8 out=f28057
axis=4 in=0xc9 out=f28057
axis=4 in=0xca out=f28057
axis=4 in=0xcb out=f28057
axis=4 in=0xcc out=f28057
axis=4 in=0xcd out=f28057
axis=4 in=0xce out=f28057
axis=4 in=0xcf out=f28057
axis=4 in=0xd0 out=f28057
axis=4 in=0xd1 out=f28057
axis=4 in=0xd2 out=f28057
axis=4 in=0xd3 out=f28057
axis=4 in=0xd4 out=f28057
axis=4 in=0xd5 out=f28057
axis=4 in=0xd6 out=f28057
axis=4 in=0xd7 out=f28057
axis=4 in=0xd8 out=f28057
axis=4 in=0xd9 out=f28057
axis=4 in=0xda out=f28057
axis=4 in=0xdb out=f28057
axis=4 in=0xdc out=f28057
axis=4 in=0xdd out=f28057
axis=4 in=0xde out=f28057
axis=4 in=0xdf out=f28057
axis=4 in=0xe0 out=f28057
axis=4 in=0xe1 out=f28057
axis=4 in=0xe2 out=f28057
axis=4 in=0xe3 out=f28057
axis=4 in=0xe4 out=f28057
axis=4 in=0xe5 out=f28057
axis=4 in=0xe6 out=f28057
axis=4 in=0xe7 out=f28057
axis=4 in=0xe8 out=f28057
axis=4 in=0xe9 out=f28057
axis=4 in=0xea out=f28057
axis=4 in=0xeb out=f28057
axis=4 in=0xec out=f28057
axis=4 in=0xed out=f28057
axis=4 in=0xee out=f28057
axis=4 in=0xef out=f28057
axis=4 in=0xf0 out=f28057
axis=4 in=0xf1 out=f28057
axis=4 in=0xf2 out=f28057
axis=4 in=0xf3 out=f28057
axis=4 in=0xf4 out=f28057
axis=4 in=0xf5 out=f28057
axis=4 in=0xf6 out=f28057
axis=4 in=0xf7 out=f28057
axis=4 in=0xf8 out=f28057
axis=4 in=0xf9 out=f28057
axis=4 in=0xfa out=f28057
axis=4 in=0xfb out=f28057
axis=4 in=0xfc out=f28057
axis=4 in=0xfd out=f28057
axis=4 in=0xfe out=f28057
axis=4 in=0xff out=f28057
